<!doctype html>
<html lang="">
<head>
    <meta charset="UTF-8">
    <meta name="viewport"
          content="width=device-width, user-scalable=no, initial-scale=1.0, maximum-scale=1.0, minimum-scale=1.0">
    <meta http-equiv="X-UA-Compatible" content="ie=edge">
    <title>Test Results Report - Default test</title>

    <link href="reportng.css" rel="stylesheet" type="text/css"/>
</head>
<body>
<div id="meta">
Generated by <a href="http://www.testng.org" target="_blank">TestNG</a> with <a href="https://github.com/testng-team/reportng" target="_blank">ReportNG</a>
at 18:49 IST on Friday 09 April 2021
    <br/><span
    id="systemInfo">LENOVO@DESKTOP-GDP45GV&nbsp;/&nbsp;Java 1.8.0_281 (Oracle Corporation)&nbsp;/&nbsp;Windows 10 10.0 (amd64)</span>
</div>
<h1>Default test</h1>

<p>
    <a href="index.html">Suites</a>
        &#183; <a href="output.html">Log Output</a>
</p>

<p>Test duration
    : 12.862s</p>


    <table class="resultsTable">
        <tr>
            <th colspan="3" class="header failed">Failed Tests</th>
        </tr>
            <tr>
                <td class="group" colspan="3">com.petstore.PetTests</td>
            </tr>
    <tr>
        <td class="method">
                addNewPet
        </td>
        <td class="duration">
            4.383s
        </td>
        <td class="result">
            <!-- Display the dependencies for skipped test methods -->


            <!-- Show logger output for the test -->

                <a href="javascript:toggleElement('exception-0', 'block')"
                   title="Click to expand/collapse">
                    <b>java.lang.IllegalStateException: Cannot parse object because no supported Content-Type was specified in response. Content-Type was &apos;text/html&apos;.</b>
                </a>
                <br/>
                <div class="stackTrace" id="exception-0">
                        sun.reflect.NativeConstructorAccessorImpl.newInstance0(Native Method)<br/>
                        sun.reflect.NativeConstructorAccessorImpl.newInstance(Unknown Source)<br/>
                        sun.reflect.DelegatingConstructorAccessorImpl.newInstance(Unknown Source)<br/>
                        java.lang.reflect.Constructor.newInstance(Unknown Source)<br/>
                        org.codehaus.groovy.reflection.CachedConstructor.invoke(CachedConstructor.java:80)<br/>
                        org.codehaus.groovy.runtime.callsite.ConstructorSite$ConstructorSiteNoUnwrapNoCoerce.callConstructor(ConstructorSite.java:105)<br/>
                        org.codehaus.groovy.runtime.callsite.CallSiteArray.defaultCallConstructor(CallSiteArray.java:59)<br/>
                        org.codehaus.groovy.runtime.callsite.AbstractCallSite.callConstructor(AbstractCallSite.java:237)<br/>
                        org.codehaus.groovy.runtime.callsite.AbstractCallSite.callConstructor(AbstractCallSite.java:249)<br/>
                        io.restassured.internal.mapping.ObjectMapping.deserialize(ObjectMapping.groovy:94)<br/>
                        io.restassured.internal.mapping.ObjectMapping$deserialize$0.call(Unknown Source)<br/>
                        org.codehaus.groovy.runtime.callsite.CallSiteArray.defaultCall(CallSiteArray.java:47)<br/>
                        org.codehaus.groovy.runtime.callsite.AbstractCallSite.call(AbstractCallSite.java:115)<br/>
                        io.restassured.internal.RestAssuredResponseOptionsGroovyImpl.as(RestAssuredResponseOptionsGroovyImpl.groovy:226)<br/>
                        io.restassured.internal.RestAssuredResponseOptionsImpl.as(RestAssuredResponseOptionsImpl.java:169)<br/>
                        com.petstore.controllers.PetsController.addNewPet(PetsController.java:32)<br/>
                        com.petstore.PetTests.addNewPet(PetTests.java:36)<br/>
                        sun.reflect.NativeMethodAccessorImpl.invoke0(Native Method)<br/>
                        sun.reflect.NativeMethodAccessorImpl.invoke(Unknown Source)<br/>
                        sun.reflect.DelegatingMethodAccessorImpl.invoke(Unknown Source)<br/>
                        java.lang.reflect.Method.invoke(Unknown Source)<br/>
                        org.testng.internal.MethodInvocationHelper.invokeMethod(MethodInvocationHelper.java:86)<br/>
                        org.testng.internal.Invoker.invokeMethod(Invoker.java:646)<br/>
                        org.testng.internal.Invoker.invokeTestMethod(Invoker.java:823)<br/>
                        org.testng.internal.Invoker.invokeTestMethods(Invoker.java:1131)<br/>
                        org.testng.internal.TestMethodWorker.invokeTestMethods(TestMethodWorker.java:129)<br/>
                        org.testng.internal.TestMethodWorker.run(TestMethodWorker.java:112)<br/>
                        org.testng.TestRunner.privateRun(TestRunner.java:778)<br/>
                        org.testng.TestRunner.run(TestRunner.java:632)<br/>
                        org.testng.SuiteRunner.runTest(SuiteRunner.java:366)<br/>
                        org.testng.SuiteRunner.runSequentially(SuiteRunner.java:361)<br/>
                        org.testng.SuiteRunner.privateRun(SuiteRunner.java:319)<br/>
                        org.testng.SuiteRunner.run(SuiteRunner.java:268)<br/>
                        org.testng.SuiteRunnerWorker.runSuite(SuiteRunnerWorker.java:52)<br/>
                        org.testng.SuiteRunnerWorker.run(SuiteRunnerWorker.java:86)<br/>
                        org.testng.TestNG.runSuitesSequentially(TestNG.java:1225)<br/>
                        org.testng.TestNG.runSuitesLocally(TestNG.java:1150)<br/>
                        org.testng.TestNG.runSuites(TestNG.java:1075)<br/>
                        org.testng.TestNG.run(TestNG.java:1047)<br/>
                        org.testng.remote.AbstractRemoteTestNG.run(AbstractRemoteTestNG.java:126)<br/>
                        org.testng.remote.RemoteTestNG.initAndRun(RemoteTestNG.java:137)<br/>
                        org.testng.remote.RemoteTestNG.main(RemoteTestNG.java:58)<br/>
                </div>
        </td>
    </tr>
    <tr>
        <td class="method">
                updatePet
        </td>
        <td class="duration">
            0.615s
        </td>
        <td class="result">
            <!-- Display the dependencies for skipped test methods -->


            <!-- Show logger output for the test -->

                <a href="javascript:toggleElement('exception-1', 'block')"
                   title="Click to expand/collapse">
                    <b>java.lang.IllegalStateException: Cannot parse object because no supported Content-Type was specified in response. Content-Type was &apos;text/html&apos;.</b>
                </a>
                <br/>
                <div class="stackTrace" id="exception-1">
                        sun.reflect.NativeConstructorAccessorImpl.newInstance0(Native Method)<br/>
                        sun.reflect.NativeConstructorAccessorImpl.newInstance(Unknown Source)<br/>
                        sun.reflect.DelegatingConstructorAccessorImpl.newInstance(Unknown Source)<br/>
                        java.lang.reflect.Constructor.newInstance(Unknown Source)<br/>
                        org.codehaus.groovy.reflection.CachedConstructor.invoke(CachedConstructor.java:80)<br/>
                        org.codehaus.groovy.runtime.callsite.ConstructorSite$ConstructorSiteNoUnwrapNoCoerce.callConstructor(ConstructorSite.java:105)<br/>
                        org.codehaus.groovy.runtime.callsite.AbstractCallSite.callConstructor(AbstractCallSite.java:249)<br/>
                        io.restassured.internal.mapping.ObjectMapping.deserialize(ObjectMapping.groovy:94)<br/>
                        io.restassured.internal.mapping.ObjectMapping$deserialize$0.call(Unknown Source)<br/>
                        io.restassured.internal.RestAssuredResponseOptionsGroovyImpl.as(RestAssuredResponseOptionsGroovyImpl.groovy:226)<br/>
                        io.restassured.internal.RestAssuredResponseOptionsImpl.as(RestAssuredResponseOptionsImpl.java:169)<br/>
                        com.petstore.controllers.PetsController.updatePet(PetsController.java:68)<br/>
                        com.petstore.PetTests.updatePet(PetTests.java:49)<br/>
                        sun.reflect.NativeMethodAccessorImpl.invoke0(Native Method)<br/>
                        sun.reflect.NativeMethodAccessorImpl.invoke(Unknown Source)<br/>
                        sun.reflect.DelegatingMethodAccessorImpl.invoke(Unknown Source)<br/>
                        java.lang.reflect.Method.invoke(Unknown Source)<br/>
                        org.testng.internal.MethodInvocationHelper.invokeMethod(MethodInvocationHelper.java:86)<br/>
                        org.testng.internal.Invoker.invokeMethod(Invoker.java:646)<br/>
                        org.testng.internal.Invoker.invokeTestMethod(Invoker.java:823)<br/>
                        org.testng.internal.Invoker.invokeTestMethods(Invoker.java:1131)<br/>
                        org.testng.internal.TestMethodWorker.invokeTestMethods(TestMethodWorker.java:129)<br/>
                        org.testng.internal.TestMethodWorker.run(TestMethodWorker.java:112)<br/>
                        org.testng.TestRunner.privateRun(TestRunner.java:778)<br/>
                        org.testng.TestRunner.run(TestRunner.java:632)<br/>
                        org.testng.SuiteRunner.runTest(SuiteRunner.java:366)<br/>
                        org.testng.SuiteRunner.runSequentially(SuiteRunner.java:361)<br/>
                        org.testng.SuiteRunner.privateRun(SuiteRunner.java:319)<br/>
                        org.testng.SuiteRunner.run(SuiteRunner.java:268)<br/>
                        org.testng.SuiteRunnerWorker.runSuite(SuiteRunnerWorker.java:52)<br/>
                        org.testng.SuiteRunnerWorker.run(SuiteRunnerWorker.java:86)<br/>
                        org.testng.TestNG.runSuitesSequentially(TestNG.java:1225)<br/>
                        org.testng.TestNG.runSuitesLocally(TestNG.java:1150)<br/>
                        org.testng.TestNG.runSuites(TestNG.java:1075)<br/>
                        org.testng.TestNG.run(TestNG.java:1047)<br/>
                        org.testng.remote.AbstractRemoteTestNG.run(AbstractRemoteTestNG.java:126)<br/>
                        org.testng.remote.RemoteTestNG.initAndRun(RemoteTestNG.java:137)<br/>
                        org.testng.remote.RemoteTestNG.main(RemoteTestNG.java:58)<br/>
                </div>
        </td>
    </tr>
    <tr>
        <td class="method">
                verifyNewPet
        </td>
        <td class="duration">
            2.542s
        </td>
        <td class="result">
            <!-- Display the dependencies for skipped test methods -->


            <!-- Show logger output for the test -->

                <a href="javascript:toggleElement('exception-2', 'block')"
                   title="Click to expand/collapse">
                    <b>com.fasterxml.jackson.databind.exc.UnrecognizedPropertyException: Unrecognized field &quot;code&quot; (class com.petstore.domain.Pet), not marked as ignorable (6 known properties: &quot;status&quot;, &quot;photoUrls&quot;, &quot;tags&quot;, &quot;id&quot;, &quot;category&quot;, &quot;name&quot;])<br/>
 at [Source: (String)&quot;{&quot;code&quot;:1,&quot;type&quot;:&quot;error&quot;,&quot;message&quot;:&quot;Pet not found&quot;}&quot;; line: 1, column: 10] (through reference chain: com.petstore.domain.Pet[&quot;code&quot;])</b>
                </a>
                <br/>
                <div class="stackTrace" id="exception-2">
                        com.fasterxml.jackson.databind.exc.UnrecognizedPropertyException.from(UnrecognizedPropertyException.java:61)<br/>
                        com.fasterxml.jackson.databind.DeserializationContext.handleUnknownProperty(DeserializationContext.java:823)<br/>
                        com.fasterxml.jackson.databind.deser.std.StdDeserializer.handleUnknownProperty(StdDeserializer.java:1153)<br/>
                        com.fasterxml.jackson.databind.deser.BeanDeserializerBase.handleUnknownProperty(BeanDeserializerBase.java:1589)<br/>
                        com.fasterxml.jackson.databind.deser.BeanDeserializerBase.handleUnknownVanilla(BeanDeserializerBase.java:1567)<br/>
                        com.fasterxml.jackson.databind.deser.BeanDeserializer.vanillaDeserialize(BeanDeserializer.java:294)<br/>
                        com.fasterxml.jackson.databind.deser.BeanDeserializer.deserialize(BeanDeserializer.java:151)<br/>
                        com.fasterxml.jackson.databind.ObjectMapper._readMapAndClose(ObjectMapper.java:4014)<br/>
                        com.fasterxml.jackson.databind.ObjectMapper.readValue(ObjectMapper.java:3043)<br/>
                        com.fasterxml.jackson.databind.ObjectMapper$readValue$2.call(Unknown Source)<br/>
                        org.codehaus.groovy.runtime.callsite.CallSiteArray.defaultCall(CallSiteArray.java:47)<br/>
                        org.codehaus.groovy.runtime.callsite.AbstractCallSite.call(AbstractCallSite.java:115)<br/>
                        org.codehaus.groovy.runtime.callsite.AbstractCallSite.call(AbstractCallSite.java:135)<br/>
                        io.restassured.internal.path.json.mapping.JsonPathJackson2ObjectDeserializer.deserialize(JsonPathJackson2ObjectDeserializer.groovy:46)<br/>
                        io.restassured.path.json.mapping.JsonPathObjectDeserializer$deserialize.call(Unknown Source)<br/>
                        org.codehaus.groovy.runtime.callsite.CallSiteArray.defaultCall(CallSiteArray.java:47)<br/>
                        org.codehaus.groovy.runtime.callsite.AbstractCallSite.call(AbstractCallSite.java:115)<br/>
                        org.codehaus.groovy.runtime.callsite.AbstractCallSite.call(AbstractCallSite.java:127)<br/>
                        io.restassured.internal.mapping.Jackson2Mapper.deserialize(Jackson2Mapper.groovy:58)<br/>
                        io.restassured.mapper.ObjectMapper$deserialize$0.call(Unknown Source)<br/>
                        org.codehaus.groovy.runtime.callsite.CallSiteArray.defaultCall(CallSiteArray.java:47)<br/>
                        org.codehaus.groovy.runtime.callsite.AbstractCallSite.call(AbstractCallSite.java:115)<br/>
                        org.codehaus.groovy.runtime.callsite.AbstractCallSite.call(AbstractCallSite.java:127)<br/>
                        io.restassured.internal.mapping.ObjectMapping.parseWithJackson2(ObjectMapping.groovy:238)<br/>
                        io.restassured.internal.mapping.ObjectMapping$parseWithJackson2$1.callStatic(Unknown Source)<br/>
                        org.codehaus.groovy.runtime.callsite.CallSiteArray.defaultCallStatic(CallSiteArray.java:55)<br/>
                        org.codehaus.groovy.runtime.callsite.AbstractCallSite.callStatic(AbstractCallSite.java:196)<br/>
                        org.codehaus.groovy.runtime.callsite.AbstractCallSite.callStatic(AbstractCallSite.java:216)<br/>
                        io.restassured.internal.mapping.ObjectMapping.deserialize(ObjectMapping.groovy:59)<br/>
                        io.restassured.internal.mapping.ObjectMapping$deserialize$0.call(Unknown Source)<br/>
                        io.restassured.internal.RestAssuredResponseOptionsGroovyImpl.as(RestAssuredResponseOptionsGroovyImpl.groovy:226)<br/>
                        io.restassured.internal.RestAssuredResponseOptionsImpl.as(RestAssuredResponseOptionsImpl.java:169)<br/>
                        com.petstore.controllers.PetsController.findPet(PetsController.java:62)<br/>
                        com.petstore.PetTests.verifyNewPet(PetTests.java:42)<br/>
                        sun.reflect.NativeMethodAccessorImpl.invoke0(Native Method)<br/>
                        sun.reflect.NativeMethodAccessorImpl.invoke(Unknown Source)<br/>
                        sun.reflect.DelegatingMethodAccessorImpl.invoke(Unknown Source)<br/>
                        java.lang.reflect.Method.invoke(Unknown Source)<br/>
                        org.testng.internal.MethodInvocationHelper.invokeMethod(MethodInvocationHelper.java:86)<br/>
                        org.testng.internal.Invoker.invokeMethod(Invoker.java:646)<br/>
                        org.testng.internal.Invoker.invokeTestMethod(Invoker.java:823)<br/>
                        org.testng.internal.Invoker.invokeTestMethods(Invoker.java:1131)<br/>
                        org.testng.internal.TestMethodWorker.invokeTestMethods(TestMethodWorker.java:129)<br/>
                        org.testng.internal.TestMethodWorker.run(TestMethodWorker.java:112)<br/>
                        org.testng.TestRunner.privateRun(TestRunner.java:778)<br/>
                        org.testng.TestRunner.run(TestRunner.java:632)<br/>
                        org.testng.SuiteRunner.runTest(SuiteRunner.java:366)<br/>
                        org.testng.SuiteRunner.runSequentially(SuiteRunner.java:361)<br/>
                        org.testng.SuiteRunner.privateRun(SuiteRunner.java:319)<br/>
                        org.testng.SuiteRunner.run(SuiteRunner.java:268)<br/>
                        org.testng.SuiteRunnerWorker.runSuite(SuiteRunnerWorker.java:52)<br/>
                        org.testng.SuiteRunnerWorker.run(SuiteRunnerWorker.java:86)<br/>
                        org.testng.TestNG.runSuitesSequentially(TestNG.java:1225)<br/>
                        org.testng.TestNG.runSuitesLocally(TestNG.java:1150)<br/>
                        org.testng.TestNG.runSuites(TestNG.java:1075)<br/>
                        org.testng.TestNG.run(TestNG.java:1047)<br/>
                        org.testng.remote.AbstractRemoteTestNG.run(AbstractRemoteTestNG.java:126)<br/>
                        org.testng.remote.RemoteTestNG.initAndRun(RemoteTestNG.java:137)<br/>
                        org.testng.remote.RemoteTestNG.main(RemoteTestNG.java:58)<br/>
                </div>
        </td>
    </tr>
    <tr>
        <td class="method">
                verifyUpdatedPet
        </td>
        <td class="duration">
            1.828s
        </td>
        <td class="result">
            <!-- Display the dependencies for skipped test methods -->


            <!-- Show logger output for the test -->

                <a href="javascript:toggleElement('exception-3', 'block')"
                   title="Click to expand/collapse">
                    <b>com.fasterxml.jackson.databind.exc.UnrecognizedPropertyException: Unrecognized field &quot;code&quot; (class com.petstore.domain.Pet), not marked as ignorable (6 known properties: &quot;status&quot;, &quot;photoUrls&quot;, &quot;tags&quot;, &quot;id&quot;, &quot;category&quot;, &quot;name&quot;])<br/>
 at [Source: (String)&quot;{&quot;code&quot;:1,&quot;type&quot;:&quot;error&quot;,&quot;message&quot;:&quot;Pet not found&quot;}&quot;; line: 1, column: 10] (through reference chain: com.petstore.domain.Pet[&quot;code&quot;])</b>
                </a>
                <br/>
                <div class="stackTrace" id="exception-3">
                        com.fasterxml.jackson.databind.exc.UnrecognizedPropertyException.from(UnrecognizedPropertyException.java:61)<br/>
                        com.fasterxml.jackson.databind.DeserializationContext.handleUnknownProperty(DeserializationContext.java:823)<br/>
                        com.fasterxml.jackson.databind.deser.std.StdDeserializer.handleUnknownProperty(StdDeserializer.java:1153)<br/>
                        com.fasterxml.jackson.databind.deser.BeanDeserializerBase.handleUnknownProperty(BeanDeserializerBase.java:1589)<br/>
                        com.fasterxml.jackson.databind.deser.BeanDeserializerBase.handleUnknownVanilla(BeanDeserializerBase.java:1567)<br/>
                        com.fasterxml.jackson.databind.deser.BeanDeserializer.vanillaDeserialize(BeanDeserializer.java:294)<br/>
                        com.fasterxml.jackson.databind.deser.BeanDeserializer.deserialize(BeanDeserializer.java:151)<br/>
                        com.fasterxml.jackson.databind.ObjectMapper._readMapAndClose(ObjectMapper.java:4014)<br/>
                        com.fasterxml.jackson.databind.ObjectMapper.readValue(ObjectMapper.java:3043)<br/>
                        com.fasterxml.jackson.databind.ObjectMapper$readValue$2.call(Unknown Source)<br/>
                        io.restassured.internal.path.json.mapping.JsonPathJackson2ObjectDeserializer.deserialize(JsonPathJackson2ObjectDeserializer.groovy:46)<br/>
                        io.restassured.path.json.mapping.JsonPathObjectDeserializer$deserialize.call(Unknown Source)<br/>
                        io.restassured.internal.mapping.Jackson2Mapper.deserialize(Jackson2Mapper.groovy:58)<br/>
                        io.restassured.mapper.ObjectMapper$deserialize$0.call(Unknown Source)<br/>
                        io.restassured.internal.mapping.ObjectMapping.parseWithJackson2(ObjectMapping.groovy:238)<br/>
                        io.restassured.internal.mapping.ObjectMapping$parseWithJackson2$1.callStatic(Unknown Source)<br/>
                        io.restassured.internal.mapping.ObjectMapping.deserialize(ObjectMapping.groovy:59)<br/>
                        io.restassured.internal.mapping.ObjectMapping$deserialize$0.call(Unknown Source)<br/>
                        io.restassured.internal.RestAssuredResponseOptionsGroovyImpl.as(RestAssuredResponseOptionsGroovyImpl.groovy:226)<br/>
                        io.restassured.internal.RestAssuredResponseOptionsImpl.as(RestAssuredResponseOptionsImpl.java:169)<br/>
                        com.petstore.controllers.PetsController.findPet(PetsController.java:62)<br/>
                        com.petstore.PetTests.verifyUpdatedPet(PetTests.java:55)<br/>
                        sun.reflect.NativeMethodAccessorImpl.invoke0(Native Method)<br/>
                        sun.reflect.NativeMethodAccessorImpl.invoke(Unknown Source)<br/>
                        sun.reflect.DelegatingMethodAccessorImpl.invoke(Unknown Source)<br/>
                        java.lang.reflect.Method.invoke(Unknown Source)<br/>
                        org.testng.internal.MethodInvocationHelper.invokeMethod(MethodInvocationHelper.java:86)<br/>
                        org.testng.internal.Invoker.invokeMethod(Invoker.java:646)<br/>
                        org.testng.internal.Invoker.invokeTestMethod(Invoker.java:823)<br/>
                        org.testng.internal.Invoker.invokeTestMethods(Invoker.java:1131)<br/>
                        org.testng.internal.TestMethodWorker.invokeTestMethods(TestMethodWorker.java:129)<br/>
                        org.testng.internal.TestMethodWorker.run(TestMethodWorker.java:112)<br/>
                        org.testng.TestRunner.privateRun(TestRunner.java:778)<br/>
                        org.testng.TestRunner.run(TestRunner.java:632)<br/>
                        org.testng.SuiteRunner.runTest(SuiteRunner.java:366)<br/>
                        org.testng.SuiteRunner.runSequentially(SuiteRunner.java:361)<br/>
                        org.testng.SuiteRunner.privateRun(SuiteRunner.java:319)<br/>
                        org.testng.SuiteRunner.run(SuiteRunner.java:268)<br/>
                        org.testng.SuiteRunnerWorker.runSuite(SuiteRunnerWorker.java:52)<br/>
                        org.testng.SuiteRunnerWorker.run(SuiteRunnerWorker.java:86)<br/>
                        org.testng.TestNG.runSuitesSequentially(TestNG.java:1225)<br/>
                        org.testng.TestNG.runSuitesLocally(TestNG.java:1150)<br/>
                        org.testng.TestNG.runSuites(TestNG.java:1075)<br/>
                        org.testng.TestNG.run(TestNG.java:1047)<br/>
                        org.testng.remote.AbstractRemoteTestNG.run(AbstractRemoteTestNG.java:126)<br/>
                        org.testng.remote.RemoteTestNG.initAndRun(RemoteTestNG.java:137)<br/>
                        org.testng.remote.RemoteTestNG.main(RemoteTestNG.java:58)<br/>
                </div>
        </td>
    </tr>
    </table>


    <table class="resultsTable" width="100%">
        <tr>
            <th colspan="3" class="header passed">Passed Tests</th>
        </tr>
            <tr>
                <td class="group" colspan="3">com.petstore.PetTests</td>
            </tr>
    <tr>
        <td class="method">
                deletePetAndDoCheck
        </td>
        <td class="duration">
            2.353s
        </td>
        <td class="result">
            <!-- Display the dependencies for skipped test methods -->


            <!-- Show logger output for the test -->

        </td>
    </tr>
    </table>

<script type="text/javascript" src="reportng.js"></script>
</body>
