<?xml version="1.0" encoding="UTF-8"?>
<testsuite name="Default test"
           tests="5"
           failures="4"
           errors="0"
           skipped="0"
           time="11.721">
    <properties></properties>

            <testcase
                name="updatePet"
                time="0.615"
                classname="com.petstore.PetTests">

            <failure type="java.lang.IllegalStateException" message="Cannot parse object because no supported Content-Type was specified in response. Content-Type was &apos;text/html&apos;.">
                <![CDATA[java.lang.IllegalStateException: Cannot parse object because no supported Content-Type was specified in response. Content-Type was 'text/html'.
                sun.reflect.NativeConstructorAccessorImpl.newInstance0(Native Method)sun.reflect.NativeConstructorAccessorImpl.newInstance(Unknown Source)sun.reflect.DelegatingConstructorAccessorImpl.newInstance(Unknown Source)java.lang.reflect.Constructor.newInstance(Unknown Source)org.codehaus.groovy.reflection.CachedConstructor.invoke(CachedConstructor.java:80)org.codehaus.groovy.runtime.callsite.ConstructorSite$ConstructorSiteNoUnwrapNoCoerce.callConstructor(ConstructorSite.java:105)org.codehaus.groovy.runtime.callsite.AbstractCallSite.callConstructor(AbstractCallSite.java:249)io.restassured.internal.mapping.ObjectMapping.deserialize(ObjectMapping.groovy:94)io.restassured.internal.mapping.ObjectMapping$deserialize$0.call(Unknown Source)io.restassured.internal.RestAssuredResponseOptionsGroovyImpl.as(RestAssuredResponseOptionsGroovyImpl.groovy:226)io.restassured.internal.RestAssuredResponseOptionsImpl.as(RestAssuredResponseOptionsImpl.java:169)com.petstore.controllers.PetsController.updatePet(PetsController.java:68)com.petstore.PetTests.updatePet(PetTests.java:49)sun.reflect.NativeMethodAccessorImpl.invoke0(Native Method)sun.reflect.NativeMethodAccessorImpl.invoke(Unknown Source)sun.reflect.DelegatingMethodAccessorImpl.invoke(Unknown Source)java.lang.reflect.Method.invoke(Unknown Source)org.testng.internal.MethodInvocationHelper.invokeMethod(MethodInvocationHelper.java:86)org.testng.internal.Invoker.invokeMethod(Invoker.java:646)org.testng.internal.Invoker.invokeTestMethod(Invoker.java:823)org.testng.internal.Invoker.invokeTestMethods(Invoker.java:1131)org.testng.internal.TestMethodWorker.invokeTestMethods(TestMethodWorker.java:129)org.testng.internal.TestMethodWorker.run(TestMethodWorker.java:112)org.testng.TestRunner.privateRun(TestRunner.java:778)org.testng.TestRunner.run(TestRunner.java:632)org.testng.SuiteRunner.runTest(SuiteRunner.java:366)org.testng.SuiteRunner.runSequentially(SuiteRunner.java:361)org.testng.SuiteRunner.privateRun(SuiteRunner.java:319)org.testng.SuiteRunner.run(SuiteRunner.java:268)org.testng.SuiteRunnerWorker.runSuite(SuiteRunnerWorker.java:52)org.testng.SuiteRunnerWorker.run(SuiteRunnerWorker.java:86)org.testng.TestNG.runSuitesSequentially(TestNG.java:1225)org.testng.TestNG.runSuitesLocally(TestNG.java:1150)org.testng.TestNG.runSuites(TestNG.java:1075)org.testng.TestNG.run(TestNG.java:1047)org.testng.remote.AbstractRemoteTestNG.run(AbstractRemoteTestNG.java:126)org.testng.remote.RemoteTestNG.initAndRun(RemoteTestNG.java:137)org.testng.remote.RemoteTestNG.main(RemoteTestNG.java:58)
]]>
            </failure>
    </testcase>
            <testcase
                name="addNewPet"
                time="4.383"
                classname="com.petstore.PetTests">

            <failure type="java.lang.IllegalStateException" message="Cannot parse object because no supported Content-Type was specified in response. Content-Type was &apos;text/html&apos;.">
                <![CDATA[java.lang.IllegalStateException: Cannot parse object because no supported Content-Type was specified in response. Content-Type was 'text/html'.
                sun.reflect.NativeConstructorAccessorImpl.newInstance0(Native Method)sun.reflect.NativeConstructorAccessorImpl.newInstance(Unknown Source)sun.reflect.DelegatingConstructorAccessorImpl.newInstance(Unknown Source)java.lang.reflect.Constructor.newInstance(Unknown Source)org.codehaus.groovy.reflection.CachedConstructor.invoke(CachedConstructor.java:80)org.codehaus.groovy.runtime.callsite.ConstructorSite$ConstructorSiteNoUnwrapNoCoerce.callConstructor(ConstructorSite.java:105)org.codehaus.groovy.runtime.callsite.CallSiteArray.defaultCallConstructor(CallSiteArray.java:59)org.codehaus.groovy.runtime.callsite.AbstractCallSite.callConstructor(AbstractCallSite.java:237)org.codehaus.groovy.runtime.callsite.AbstractCallSite.callConstructor(AbstractCallSite.java:249)io.restassured.internal.mapping.ObjectMapping.deserialize(ObjectMapping.groovy:94)io.restassured.internal.mapping.ObjectMapping$deserialize$0.call(Unknown Source)org.codehaus.groovy.runtime.callsite.CallSiteArray.defaultCall(CallSiteArray.java:47)org.codehaus.groovy.runtime.callsite.AbstractCallSite.call(AbstractCallSite.java:115)io.restassured.internal.RestAssuredResponseOptionsGroovyImpl.as(RestAssuredResponseOptionsGroovyImpl.groovy:226)io.restassured.internal.RestAssuredResponseOptionsImpl.as(RestAssuredResponseOptionsImpl.java:169)com.petstore.controllers.PetsController.addNewPet(PetsController.java:32)com.petstore.PetTests.addNewPet(PetTests.java:36)sun.reflect.NativeMethodAccessorImpl.invoke0(Native Method)sun.reflect.NativeMethodAccessorImpl.invoke(Unknown Source)sun.reflect.DelegatingMethodAccessorImpl.invoke(Unknown Source)java.lang.reflect.Method.invoke(Unknown Source)org.testng.internal.MethodInvocationHelper.invokeMethod(MethodInvocationHelper.java:86)org.testng.internal.Invoker.invokeMethod(Invoker.java:646)org.testng.internal.Invoker.invokeTestMethod(Invoker.java:823)org.testng.internal.Invoker.invokeTestMethods(Invoker.java:1131)org.testng.internal.TestMethodWorker.invokeTestMethods(TestMethodWorker.java:129)org.testng.internal.TestMethodWorker.run(TestMethodWorker.java:112)org.testng.TestRunner.privateRun(TestRunner.java:778)org.testng.TestRunner.run(TestRunner.java:632)org.testng.SuiteRunner.runTest(SuiteRunner.java:366)org.testng.SuiteRunner.runSequentially(SuiteRunner.java:361)org.testng.SuiteRunner.privateRun(SuiteRunner.java:319)org.testng.SuiteRunner.run(SuiteRunner.java:268)org.testng.SuiteRunnerWorker.runSuite(SuiteRunnerWorker.java:52)org.testng.SuiteRunnerWorker.run(SuiteRunnerWorker.java:86)org.testng.TestNG.runSuitesSequentially(TestNG.java:1225)org.testng.TestNG.runSuitesLocally(TestNG.java:1150)org.testng.TestNG.runSuites(TestNG.java:1075)org.testng.TestNG.run(TestNG.java:1047)org.testng.remote.AbstractRemoteTestNG.run(AbstractRemoteTestNG.java:126)org.testng.remote.RemoteTestNG.initAndRun(RemoteTestNG.java:137)org.testng.remote.RemoteTestNG.main(RemoteTestNG.java:58)
]]>
            </failure>
    </testcase>
            <testcase
                name="verifyUpdatedPet"
                time="1.828"
                classname="com.petstore.PetTests">

            <failure type="com.fasterxml.jackson.databind.exc.UnrecognizedPropertyException" message="Unrecognized field &quot;code&quot; (class com.petstore.domain.Pet), not marked as ignorable (6 known properties: &quot;status&quot;, &quot;photoUrls&quot;, &quot;tags&quot;, &quot;id&quot;, &quot;category&quot;, &quot;name&quot;])
 at [Source: (String)&quot;{&quot;code&quot;:1,&quot;type&quot;:&quot;error&quot;,&quot;message&quot;:&quot;Pet not found&quot;}&quot;; line: 1, column: 10] (through reference chain: com.petstore.domain.Pet[&quot;code&quot;])">
                <![CDATA[com.fasterxml.jackson.databind.exc.UnrecognizedPropertyException: Unrecognized field "code" (class com.petstore.domain.Pet), not marked as ignorable (6 known properties: "status", "photoUrls", "tags", "id", "category", "name"])
 at [Source: (String)"{"code":1,"type":"error","message":"Pet not found"}"; line: 1, column: 10] (through reference chain: com.petstore.domain.Pet["code"])
                com.fasterxml.jackson.databind.exc.UnrecognizedPropertyException.from(UnrecognizedPropertyException.java:61)com.fasterxml.jackson.databind.DeserializationContext.handleUnknownProperty(DeserializationContext.java:823)com.fasterxml.jackson.databind.deser.std.StdDeserializer.handleUnknownProperty(StdDeserializer.java:1153)com.fasterxml.jackson.databind.deser.BeanDeserializerBase.handleUnknownProperty(BeanDeserializerBase.java:1589)com.fasterxml.jackson.databind.deser.BeanDeserializerBase.handleUnknownVanilla(BeanDeserializerBase.java:1567)com.fasterxml.jackson.databind.deser.BeanDeserializer.vanillaDeserialize(BeanDeserializer.java:294)com.fasterxml.jackson.databind.deser.BeanDeserializer.deserialize(BeanDeserializer.java:151)com.fasterxml.jackson.databind.ObjectMapper._readMapAndClose(ObjectMapper.java:4014)com.fasterxml.jackson.databind.ObjectMapper.readValue(ObjectMapper.java:3043)com.fasterxml.jackson.databind.ObjectMapper$readValue$2.call(Unknown Source)io.restassured.internal.path.json.mapping.JsonPathJackson2ObjectDeserializer.deserialize(JsonPathJackson2ObjectDeserializer.groovy:46)io.restassured.path.json.mapping.JsonPathObjectDeserializer$deserialize.call(Unknown Source)io.restassured.internal.mapping.Jackson2Mapper.deserialize(Jackson2Mapper.groovy:58)io.restassured.mapper.ObjectMapper$deserialize$0.call(Unknown Source)io.restassured.internal.mapping.ObjectMapping.parseWithJackson2(ObjectMapping.groovy:238)io.restassured.internal.mapping.ObjectMapping$parseWithJackson2$1.callStatic(Unknown Source)io.restassured.internal.mapping.ObjectMapping.deserialize(ObjectMapping.groovy:59)io.restassured.internal.mapping.ObjectMapping$deserialize$0.call(Unknown Source)io.restassured.internal.RestAssuredResponseOptionsGroovyImpl.as(RestAssuredResponseOptionsGroovyImpl.groovy:226)io.restassured.internal.RestAssuredResponseOptionsImpl.as(RestAssuredResponseOptionsImpl.java:169)com.petstore.controllers.PetsController.findPet(PetsController.java:62)com.petstore.PetTests.verifyUpdatedPet(PetTests.java:55)sun.reflect.NativeMethodAccessorImpl.invoke0(Native Method)sun.reflect.NativeMethodAccessorImpl.invoke(Unknown Source)sun.reflect.DelegatingMethodAccessorImpl.invoke(Unknown Source)java.lang.reflect.Method.invoke(Unknown Source)org.testng.internal.MethodInvocationHelper.invokeMethod(MethodInvocationHelper.java:86)org.testng.internal.Invoker.invokeMethod(Invoker.java:646)org.testng.internal.Invoker.invokeTestMethod(Invoker.java:823)org.testng.internal.Invoker.invokeTestMethods(Invoker.java:1131)org.testng.internal.TestMethodWorker.invokeTestMethods(TestMethodWorker.java:129)org.testng.internal.TestMethodWorker.run(TestMethodWorker.java:112)org.testng.TestRunner.privateRun(TestRunner.java:778)org.testng.TestRunner.run(TestRunner.java:632)org.testng.SuiteRunner.runTest(SuiteRunner.java:366)org.testng.SuiteRunner.runSequentially(SuiteRunner.java:361)org.testng.SuiteRunner.privateRun(SuiteRunner.java:319)org.testng.SuiteRunner.run(SuiteRunner.java:268)org.testng.SuiteRunnerWorker.runSuite(SuiteRunnerWorker.java:52)org.testng.SuiteRunnerWorker.run(SuiteRunnerWorker.java:86)org.testng.TestNG.runSuitesSequentially(TestNG.java:1225)org.testng.TestNG.runSuitesLocally(TestNG.java:1150)org.testng.TestNG.runSuites(TestNG.java:1075)org.testng.TestNG.run(TestNG.java:1047)org.testng.remote.AbstractRemoteTestNG.run(AbstractRemoteTestNG.java:126)org.testng.remote.RemoteTestNG.initAndRun(RemoteTestNG.java:137)org.testng.remote.RemoteTestNG.main(RemoteTestNG.java:58)
]]>
            </failure>
    </testcase>
            <testcase
                name="verifyNewPet"
                time="2.542"
                classname="com.petstore.PetTests">

            <failure type="com.fasterxml.jackson.databind.exc.UnrecognizedPropertyException" message="Unrecognized field &quot;code&quot; (class com.petstore.domain.Pet), not marked as ignorable (6 known properties: &quot;status&quot;, &quot;photoUrls&quot;, &quot;tags&quot;, &quot;id&quot;, &quot;category&quot;, &quot;name&quot;])
 at [Source: (String)&quot;{&quot;code&quot;:1,&quot;type&quot;:&quot;error&quot;,&quot;message&quot;:&quot;Pet not found&quot;}&quot;; line: 1, column: 10] (through reference chain: com.petstore.domain.Pet[&quot;code&quot;])">
                <![CDATA[com.fasterxml.jackson.databind.exc.UnrecognizedPropertyException: Unrecognized field "code" (class com.petstore.domain.Pet), not marked as ignorable (6 known properties: "status", "photoUrls", "tags", "id", "category", "name"])
 at [Source: (String)"{"code":1,"type":"error","message":"Pet not found"}"; line: 1, column: 10] (through reference chain: com.petstore.domain.Pet["code"])
                com.fasterxml.jackson.databind.exc.UnrecognizedPropertyException.from(UnrecognizedPropertyException.java:61)com.fasterxml.jackson.databind.DeserializationContext.handleUnknownProperty(DeserializationContext.java:823)com.fasterxml.jackson.databind.deser.std.StdDeserializer.handleUnknownProperty(StdDeserializer.java:1153)com.fasterxml.jackson.databind.deser.BeanDeserializerBase.handleUnknownProperty(BeanDeserializerBase.java:1589)com.fasterxml.jackson.databind.deser.BeanDeserializerBase.handleUnknownVanilla(BeanDeserializerBase.java:1567)com.fasterxml.jackson.databind.deser.BeanDeserializer.vanillaDeserialize(BeanDeserializer.java:294)com.fasterxml.jackson.databind.deser.BeanDeserializer.deserialize(BeanDeserializer.java:151)com.fasterxml.jackson.databind.ObjectMapper._readMapAndClose(ObjectMapper.java:4014)com.fasterxml.jackson.databind.ObjectMapper.readValue(ObjectMapper.java:3043)com.fasterxml.jackson.databind.ObjectMapper$readValue$2.call(Unknown Source)org.codehaus.groovy.runtime.callsite.CallSiteArray.defaultCall(CallSiteArray.java:47)org.codehaus.groovy.runtime.callsite.AbstractCallSite.call(AbstractCallSite.java:115)org.codehaus.groovy.runtime.callsite.AbstractCallSite.call(AbstractCallSite.java:135)io.restassured.internal.path.json.mapping.JsonPathJackson2ObjectDeserializer.deserialize(JsonPathJackson2ObjectDeserializer.groovy:46)io.restassured.path.json.mapping.JsonPathObjectDeserializer$deserialize.call(Unknown Source)org.codehaus.groovy.runtime.callsite.CallSiteArray.defaultCall(CallSiteArray.java:47)org.codehaus.groovy.runtime.callsite.AbstractCallSite.call(AbstractCallSite.java:115)org.codehaus.groovy.runtime.callsite.AbstractCallSite.call(AbstractCallSite.java:127)io.restassured.internal.mapping.Jackson2Mapper.deserialize(Jackson2Mapper.groovy:58)io.restassured.mapper.ObjectMapper$deserialize$0.call(Unknown Source)org.codehaus.groovy.runtime.callsite.CallSiteArray.defaultCall(CallSiteArray.java:47)org.codehaus.groovy.runtime.callsite.AbstractCallSite.call(AbstractCallSite.java:115)org.codehaus.groovy.runtime.callsite.AbstractCallSite.call(AbstractCallSite.java:127)io.restassured.internal.mapping.ObjectMapping.parseWithJackson2(ObjectMapping.groovy:238)io.restassured.internal.mapping.ObjectMapping$parseWithJackson2$1.callStatic(Unknown Source)org.codehaus.groovy.runtime.callsite.CallSiteArray.defaultCallStatic(CallSiteArray.java:55)org.codehaus.groovy.runtime.callsite.AbstractCallSite.callStatic(AbstractCallSite.java:196)org.codehaus.groovy.runtime.callsite.AbstractCallSite.callStatic(AbstractCallSite.java:216)io.restassured.internal.mapping.ObjectMapping.deserialize(ObjectMapping.groovy:59)io.restassured.internal.mapping.ObjectMapping$deserialize$0.call(Unknown Source)io.restassured.internal.RestAssuredResponseOptionsGroovyImpl.as(RestAssuredResponseOptionsGroovyImpl.groovy:226)io.restassured.internal.RestAssuredResponseOptionsImpl.as(RestAssuredResponseOptionsImpl.java:169)com.petstore.controllers.PetsController.findPet(PetsController.java:62)com.petstore.PetTests.verifyNewPet(PetTests.java:42)sun.reflect.NativeMethodAccessorImpl.invoke0(Native Method)sun.reflect.NativeMethodAccessorImpl.invoke(Unknown Source)sun.reflect.DelegatingMethodAccessorImpl.invoke(Unknown Source)java.lang.reflect.Method.invoke(Unknown Source)org.testng.internal.MethodInvocationHelper.invokeMethod(MethodInvocationHelper.java:86)org.testng.internal.Invoker.invokeMethod(Invoker.java:646)org.testng.internal.Invoker.invokeTestMethod(Invoker.java:823)org.testng.internal.Invoker.invokeTestMethods(Invoker.java:1131)org.testng.internal.TestMethodWorker.invokeTestMethods(TestMethodWorker.java:129)org.testng.internal.TestMethodWorker.run(TestMethodWorker.java:112)org.testng.TestRunner.privateRun(TestRunner.java:778)org.testng.TestRunner.run(TestRunner.java:632)org.testng.SuiteRunner.runTest(SuiteRunner.java:366)org.testng.SuiteRunner.runSequentially(SuiteRunner.java:361)org.testng.SuiteRunner.privateRun(SuiteRunner.java:319)org.testng.SuiteRunner.run(SuiteRunner.java:268)org.testng.SuiteRunnerWorker.runSuite(SuiteRunnerWorker.java:52)org.testng.SuiteRunnerWorker.run(SuiteRunnerWorker.java:86)org.testng.TestNG.runSuitesSequentially(TestNG.java:1225)org.testng.TestNG.runSuitesLocally(TestNG.java:1150)org.testng.TestNG.runSuites(TestNG.java:1075)org.testng.TestNG.run(TestNG.java:1047)org.testng.remote.AbstractRemoteTestNG.run(AbstractRemoteTestNG.java:126)org.testng.remote.RemoteTestNG.initAndRun(RemoteTestNG.java:137)org.testng.remote.RemoteTestNG.main(RemoteTestNG.java:58)
]]>
            </failure>
    </testcase>


            <testcase
                name="deletePetAndDoCheck"
                time="2.353"
                classname="com.petstore.PetTests">
            </testcase>
</testsuite>
